        -:    0:Source:playdom.c
        -:    0:Graph:playdom.gcno
        -:    0:Data:playdom.gcda
        -:    0:Runs:1
        -:    0:Programs:1
        -:    1:#include "dominion.h"
        -:    2:#include <stdio.h>
        -:    3:#include "rngs.h"
        -:    4:#include <stdlib.h>
        -:    5:
function main called 1 returned 100% blocks executed 100%
        1:    6:int main (int argc, char** argv) {
        -:    7:  struct gameState G;
        1:    8:  int k[10] = {adventurer, gardens, embargo, village, minion, mine, cutpurse,
        -:    9:           sea_hag, tribute, smithy};
        -:   10:
        1:   11:  printf ("Starting game.\n");
call    0 returned 100%
        -:   12:
        1:   13:  initializeGame(2, k, atoi(argv[1]), &G);
call    0 returned 100%
call    1 returned 100%
        -:   14:
        1:   15:  int money = 0;
        1:   16:  int smithyPos = -1;
        1:   17:  int adventurerPos = -1;
        1:   18:  int i=0;
        -:   19:
        1:   20:  int numSmithies = 0;
        1:   21:  int numAdventurers = 0;
        -:   22:
       36:   23:  while (!isGameOver(&G)) {
call    0 returned 100%
branch  1 taken 97%
branch  2 taken 3% (fallthrough)
       34:   24:    money = 0;
       34:   25:    smithyPos = -1;
       34:   26:    adventurerPos = -1;
      204:   27:    for (i = 0; i < numHandCards(&G); i++) {
call    0 returned 100%
branch  1 taken 83%
branch  2 taken 17% (fallthrough)
      170:   28:      if (handCard(i, &G) == copper)
call    0 returned 100%
branch  1 taken 45% (fallthrough)
branch  2 taken 55%
       77:   29:    money++;
       93:   30:      else if (handCard(i, &G) == silver)
call    0 returned 100%
branch  1 taken 34% (fallthrough)
branch  2 taken 66%
       32:   31:    money += 2;
       61:   32:      else if (handCard(i, &G) == gold)
call    0 returned 100%
branch  1 taken 25% (fallthrough)
branch  2 taken 75%
       15:   33:    money += 3;
       46:   34:      else if (handCard(i, &G) == smithy)
call    0 returned 100%
branch  1 taken 4% (fallthrough)
branch  2 taken 96%
        2:   35:    smithyPos = i;
       44:   36:      else if (handCard(i, &G) == adventurer)
call    0 returned 100%
branch  1 taken 9% (fallthrough)
branch  2 taken 91%
        4:   37:    adventurerPos = i;
        -:   38:    }
        -:   39:
       34:   40:    if (whoseTurn(&G) == 0) {
call    0 returned 100%
branch  1 taken 50% (fallthrough)
branch  2 taken 50%
       17:   41:      if (smithyPos != -1) {
branch  0 taken 12% (fallthrough)
branch  1 taken 88%
        2:   42:        printf("0: smithy played from position %d\n", smithyPos);
call    0 returned 100%
        2:   43:        playCard(smithyPos, -1, -1, -1, &G);
call    0 returned 100%
        2:   44:        printf("smithy played.\n");
call    0 returned 100%
        2:   45:        money = 0;
        2:   46:        i=0;
       16:   47:        while(i<numHandCards(&G)){
call    0 returned 100%
branch  1 taken 86%
branch  2 taken 14% (fallthrough)
       12:   48:          if (handCard(i, &G) == copper){
call    0 returned 100%
branch  1 taken 58% (fallthrough)
branch  2 taken 42%
        7:   49:            playCard(i, -1, -1, -1, &G);
call    0 returned 100%
        7:   50:            money++;
        -:   51:          }
        5:   52:          else if (handCard(i, &G) == silver){
call    0 returned 100%
branch  1 taken 40% (fallthrough)
branch  2 taken 60%
        2:   53:            playCard(i, -1, -1, -1, &G);
call    0 returned 100%
        2:   54:            money += 2;
        -:   55:          }
        3:   56:          else if (handCard(i, &G) == gold){
call    0 returned 100%
branch  1 taken 33% (fallthrough)
branch  2 taken 67%
        1:   57:            playCard(i, -1, -1, -1, &G);
call    0 returned 100%
        1:   58:            money += 3;
        -:   59:          }
       12:   60:          i++;
        -:   61:        }
        -:   62:      }
        -:   63:
       17:   64:      if (money >= 8) {
branch  0 taken 24% (fallthrough)
branch  1 taken 76%
        4:   65:        printf("0: bought province\n");
call    0 returned 100%
        4:   66:        buyCard(province, &G);
call    0 returned 100%
        -:   67:      }
       13:   68:      else if (money >= 6) {
branch  0 taken 54% (fallthrough)
branch  1 taken 46%
        7:   69:        printf("0: bought gold\n");
call    0 returned 100%
        7:   70:        buyCard(gold, &G);
call    0 returned 100%
        -:   71:      }
        6:   72:      else if ((money >= 4) && (numSmithies < 2)) {
branch  0 taken 67% (fallthrough)
branch  1 taken 33%
branch  2 taken 50% (fallthrough)
branch  3 taken 50%
        2:   73:        printf("0: bought smithy\n");
call    0 returned 100%
        2:   74:        buyCard(smithy, &G);
call    0 returned 100%
        2:   75:        numSmithies++;
        -:   76:      }
        4:   77:      else if (money >= 3) {
branch  0 taken 100% (fallthrough)
branch  1 taken 0%
        4:   78:        printf("0: bought silver\n");
call    0 returned 100%
        4:   79:        buyCard(silver, &G);
call    0 returned 100%
        -:   80:      }
        -:   81:
       17:   82:      printf("0: end turn\n");
call    0 returned 100%
       17:   83:      endTurn(&G);
call    0 returned 100%
        -:   84:    }
        -:   85:    else {
       17:   86:      if (adventurerPos != -1) {
branch  0 taken 24% (fallthrough)
branch  1 taken 76%
        4:   87:        printf("1: adventurer played from position %d\n", adventurerPos);
call    0 returned 100%
        4:   88:        playCard(adventurerPos, -1, -1, -1, &G);
call    0 returned 100%
        4:   89:        money = 0;
        4:   90:        i=0;
       36:   91:        while(i<numHandCards(&G)){
call    0 returned 100%
branch  1 taken 88%
branch  2 taken 13% (fallthrough)
       28:   92:          if (handCard(i, &G) == copper){
call    0 returned 100%
branch  1 taken 36% (fallthrough)
branch  2 taken 64%
       10:   93:            playCard(i, -1, -1, -1, &G);
call    0 returned 100%
       10:   94:            money++;
        -:   95:          }
       18:   96:          else if (handCard(i, &G) == silver){
call    0 returned 100%
branch  1 taken 44% (fallthrough)
branch  2 taken 56%
        8:   97:            playCard(i, -1, -1, -1, &G);
call    0 returned 100%
        8:   98:            money += 2;
        -:   99:          }
       10:  100:          else if (handCard(i, &G) == gold){
call    0 returned 100%
branch  1 taken 20% (fallthrough)
branch  2 taken 80%
        2:  101:            playCard(i, -1, -1, -1, &G);
call    0 returned 100%
        2:  102:            money += 3;
        -:  103:          }
       28:  104:          i++;
        -:  105:        }
        -:  106:      }
        -:  107:
       17:  108:      if (money >= 8) {
branch  0 taken 24% (fallthrough)
branch  1 taken 76%
        4:  109:        printf("1: bought province\n");
call    0 returned 100%
        4:  110:        buyCard(province, &G);
call    0 returned 100%
        -:  111:      }
       13:  112:      else if ((money >= 6) && (numAdventurers < 2)) {
branch  0 taken 38% (fallthrough)
branch  1 taken 62%
branch  2 taken 40% (fallthrough)
branch  3 taken 60%
        2:  113:        printf("1: bought adventurer\n");
call    0 returned 100%
        2:  114:        buyCard(adventurer, &G);
call    0 returned 100%
        2:  115:        numAdventurers++;
       11:  116:      }else if (money >= 6){
branch  0 taken 27% (fallthrough)
branch  1 taken 73%
        3:  117:        printf("1: bought gold\n");
call    0 returned 100%
        3:  118:	    buyCard(gold, &G);
call    0 returned 100%
        -:  119:        }
        8:  120:      else if (money >= 3){
branch  0 taken 100% (fallthrough)
branch  1 taken 0%
        8:  121:        printf("1: bought silver\n");
call    0 returned 100%
        8:  122:	    buyCard(silver, &G);
call    0 returned 100%
        -:  123:      }
       17:  124:      printf("1: endTurn\n");
call    0 returned 100%
        -:  125:
       17:  126:      endTurn(&G);
call    0 returned 100%
        -:  127:    }
        -:  128:  } // end of While
        -:  129:
        1:  130:  printf ("Finished game.\n");
call    0 returned 100%
        1:  131:  printf ("Player 0: %d\nPlayer 1: %d\n", scoreFor(0, &G), scoreFor(1, &G));
call    0 returned 100%
call    1 returned 100%
call    2 returned 100%
        -:  132:
        1:  133:  return 0;
        -:  134:}
